{"total": {"lines":{"total":15918,"covered":6621,"skipped":0,"pct":41.59},"statements":{"total":15918,"covered":6621,"skipped":0,"pct":41.59},"functions":{"total":244,"covered":161,"skipped":0,"pct":65.98},"branches":{"total":899,"covered":697,"skipped":0,"pct":77.53},"branchesTrue":{"total":0,"covered":0,"skipped":0,"pct":100}}
,"/Users/nut/loyalty-app/backend/src/config/database.ts": {"lines":{"total":88,"covered":14,"skipped":0,"pct":15.9},"functions":{"total":5,"covered":0,"skipped":0,"pct":0},"statements":{"total":88,"covered":14,"skipped":0,"pct":15.9},"branches":{"total":0,"covered":0,"skipped":0,"pct":100}}
,"/Users/nut/loyalty-app/backend/src/config/environment.ts": {"lines":{"total":211,"covered":0,"skipped":0,"pct":0},"functions":{"total":1,"covered":0,"skipped":0,"pct":0},"statements":{"total":211,"covered":0,"skipped":0,"pct":0},"branches":{"total":1,"covered":0,"skipped":0,"pct":0}}
,"/Users/nut/loyalty-app/backend/src/config/multer.ts": {"lines":{"total":59,"covered":0,"skipped":0,"pct":0},"functions":{"total":1,"covered":0,"skipped":0,"pct":0},"statements":{"total":59,"covered":0,"skipped":0,"pct":0},"branches":{"total":1,"covered":0,"skipped":0,"pct":0}}
,"/Users/nut/loyalty-app/backend/src/config/prisma.ts": {"lines":{"total":74,"covered":0,"skipped":0,"pct":0},"functions":{"total":1,"covered":0,"skipped":0,"pct":0},"statements":{"total":74,"covered":0,"skipped":0,"pct":0},"branches":{"total":1,"covered":0,"skipped":0,"pct":0}}
,"/Users/nut/loyalty-app/backend/src/config/redis.ts": {"lines":{"total":32,"covered":0,"skipped":0,"pct":0},"functions":{"total":1,"covered":0,"skipped":0,"pct":0},"statements":{"total":32,"covered":0,"skipped":0,"pct":0},"branches":{"total":1,"covered":0,"skipped":0,"pct":0}}
,"/Users/nut/loyalty-app/backend/src/config/storage.ts": {"lines":{"total":91,"covered":43,"skipped":0,"pct":47.25},"functions":{"total":3,"covered":0,"skipped":0,"pct":0},"statements":{"total":91,"covered":43,"skipped":0,"pct":47.25},"branches":{"total":0,"covered":0,"skipped":0,"pct":100}}
,"/Users/nut/loyalty-app/backend/src/controllers/analyticsController.ts": {"lines":{"total":288,"covered":0,"skipped":0,"pct":0},"functions":{"total":1,"covered":0,"skipped":0,"pct":0},"statements":{"total":288,"covered":0,"skipped":0,"pct":0},"branches":{"total":1,"covered":0,"skipped":0,"pct":0}}
,"/Users/nut/loyalty-app/backend/src/controllers/couponController.ts": {"lines":{"total":589,"covered":0,"skipped":0,"pct":0},"functions":{"total":1,"covered":0,"skipped":0,"pct":0},"statements":{"total":589,"covered":0,"skipped":0,"pct":0},"branches":{"total":1,"covered":0,"skipped":0,"pct":0}}
,"/Users/nut/loyalty-app/backend/src/controllers/loyaltyController.ts": {"lines":{"total":603,"covered":0,"skipped":0,"pct":0},"functions":{"total":1,"covered":0,"skipped":0,"pct":0},"statements":{"total":603,"covered":0,"skipped":0,"pct":0},"branches":{"total":1,"covered":0,"skipped":0,"pct":0}}
,"/Users/nut/loyalty-app/backend/src/controllers/surveyController.ts": {"lines":{"total":799,"covered":0,"skipped":0,"pct":0},"functions":{"total":1,"covered":0,"skipped":0,"pct":0},"statements":{"total":799,"covered":0,"skipped":0,"pct":0},"branches":{"total":1,"covered":0,"skipped":0,"pct":0}}
,"/Users/nut/loyalty-app/backend/src/controllers/translationController.ts": {"lines":{"total":170,"covered":0,"skipped":0,"pct":0},"functions":{"total":1,"covered":0,"skipped":0,"pct":0},"statements":{"total":170,"covered":0,"skipped":0,"pct":0},"branches":{"total":1,"covered":0,"skipped":0,"pct":0}}
,"/Users/nut/loyalty-app/backend/src/middleware/auth.ts": {"lines":{"total":92,"covered":0,"skipped":0,"pct":0},"functions":{"total":1,"covered":0,"skipped":0,"pct":0},"statements":{"total":92,"covered":0,"skipped":0,"pct":0},"branches":{"total":1,"covered":0,"skipped":0,"pct":0}}
,"/Users/nut/loyalty-app/backend/src/middleware/csrf.ts": {"lines":{"total":125,"covered":0,"skipped":0,"pct":0},"functions":{"total":1,"covered":0,"skipped":0,"pct":0},"statements":{"total":125,"covered":0,"skipped":0,"pct":0},"branches":{"total":1,"covered":0,"skipped":0,"pct":0}}
,"/Users/nut/loyalty-app/backend/src/middleware/errorHandler.ts": {"lines":{"total":75,"covered":15,"skipped":0,"pct":20},"functions":{"total":3,"covered":2,"skipped":0,"pct":66.66},"statements":{"total":75,"covered":15,"skipped":0,"pct":20},"branches":{"total":2,"covered":2,"skipped":0,"pct":100}}
,"/Users/nut/loyalty-app/backend/src/middleware/requestLogger.ts": {"lines":{"total":32,"covered":0,"skipped":0,"pct":0},"functions":{"total":1,"covered":0,"skipped":0,"pct":0},"statements":{"total":32,"covered":0,"skipped":0,"pct":0},"branches":{"total":1,"covered":0,"skipped":0,"pct":0}}
,"/Users/nut/loyalty-app/backend/src/middleware/security.ts": {"lines":{"total":515,"covered":0,"skipped":0,"pct":0},"functions":{"total":1,"covered":0,"skipped":0,"pct":0},"statements":{"total":515,"covered":0,"skipped":0,"pct":0},"branches":{"total":1,"covered":0,"skipped":0,"pct":0}}
,"/Users/nut/loyalty-app/backend/src/middleware/validateRequest.ts": {"lines":{"total":45,"covered":0,"skipped":0,"pct":0},"functions":{"total":1,"covered":0,"skipped":0,"pct":0},"statements":{"total":45,"covered":0,"skipped":0,"pct":0},"branches":{"total":1,"covered":0,"skipped":0,"pct":0}}
,"/Users/nut/loyalty-app/backend/src/routes/analyticsRoutes.ts": {"lines":{"total":25,"covered":0,"skipped":0,"pct":0},"functions":{"total":1,"covered":0,"skipped":0,"pct":0},"statements":{"total":25,"covered":0,"skipped":0,"pct":0},"branches":{"total":1,"covered":0,"skipped":0,"pct":0}}
,"/Users/nut/loyalty-app/backend/src/routes/auth.ts": {"lines":{"total":111,"covered":0,"skipped":0,"pct":0},"functions":{"total":1,"covered":0,"skipped":0,"pct":0},"statements":{"total":111,"covered":0,"skipped":0,"pct":0},"branches":{"total":1,"covered":0,"skipped":0,"pct":0}}
,"/Users/nut/loyalty-app/backend/src/routes/coupon.ts": {"lines":{"total":100,"covered":0,"skipped":0,"pct":0},"functions":{"total":1,"covered":0,"skipped":0,"pct":0},"statements":{"total":100,"covered":0,"skipped":0,"pct":0},"branches":{"total":1,"covered":0,"skipped":0,"pct":0}}
,"/Users/nut/loyalty-app/backend/src/routes/loyalty.ts": {"lines":{"total":525,"covered":0,"skipped":0,"pct":0},"functions":{"total":1,"covered":0,"skipped":0,"pct":0},"statements":{"total":525,"covered":0,"skipped":0,"pct":0},"branches":{"total":1,"covered":0,"skipped":0,"pct":0}}
,"/Users/nut/loyalty-app/backend/src/routes/membership.ts": {"lines":{"total":122,"covered":0,"skipped":0,"pct":0},"functions":{"total":1,"covered":0,"skipped":0,"pct":0},"statements":{"total":122,"covered":0,"skipped":0,"pct":0},"branches":{"total":1,"covered":0,"skipped":0,"pct":0}}
,"/Users/nut/loyalty-app/backend/src/routes/notifications.ts": {"lines":{"total":338,"covered":0,"skipped":0,"pct":0},"functions":{"total":1,"covered":0,"skipped":0,"pct":0},"statements":{"total":338,"covered":0,"skipped":0,"pct":0},"branches":{"total":1,"covered":0,"skipped":0,"pct":0}}
,"/Users/nut/loyalty-app/backend/src/routes/oauth.ts": {"lines":{"total":809,"covered":0,"skipped":0,"pct":0},"functions":{"total":1,"covered":0,"skipped":0,"pct":0},"statements":{"total":809,"covered":0,"skipped":0,"pct":0},"branches":{"total":1,"covered":0,"skipped":0,"pct":0}}
,"/Users/nut/loyalty-app/backend/src/routes/storage.ts": {"lines":{"total":34,"covered":0,"skipped":0,"pct":0},"functions":{"total":1,"covered":0,"skipped":0,"pct":0},"statements":{"total":34,"covered":0,"skipped":0,"pct":0},"branches":{"total":1,"covered":0,"skipped":0,"pct":0}}
,"/Users/nut/loyalty-app/backend/src/routes/survey.ts": {"lines":{"total":203,"covered":0,"skipped":0,"pct":0},"functions":{"total":1,"covered":0,"skipped":0,"pct":0},"statements":{"total":203,"covered":0,"skipped":0,"pct":0},"branches":{"total":1,"covered":0,"skipped":0,"pct":0}}
,"/Users/nut/loyalty-app/backend/src/routes/translation.ts": {"lines":{"total":22,"covered":0,"skipped":0,"pct":0},"functions":{"total":1,"covered":0,"skipped":0,"pct":0},"statements":{"total":22,"covered":0,"skipped":0,"pct":0},"branches":{"total":1,"covered":0,"skipped":0,"pct":0}}
,"/Users/nut/loyalty-app/backend/src/routes/user.ts": {"lines":{"total":426,"covered":0,"skipped":0,"pct":0},"functions":{"total":1,"covered":0,"skipped":0,"pct":0},"statements":{"total":426,"covered":0,"skipped":0,"pct":0},"branches":{"total":1,"covered":0,"skipped":0,"pct":0}}
,"/Users/nut/loyalty-app/backend/src/services/adminConfigService.ts": {"lines":{"total":98,"covered":92,"skipped":0,"pct":93.87},"functions":{"total":9,"covered":9,"skipped":0,"pct":100},"statements":{"total":98,"covered":92,"skipped":0,"pct":93.87},"branches":{"total":26,"covered":21,"skipped":0,"pct":80.76}}
,"/Users/nut/loyalty-app/backend/src/services/analyticsService.ts": {"lines":{"total":693,"covered":177,"skipped":0,"pct":25.54},"functions":{"total":7,"covered":3,"skipped":0,"pct":42.85},"statements":{"total":693,"covered":177,"skipped":0,"pct":25.54},"branches":{"total":20,"covered":17,"skipped":0,"pct":85}}
,"/Users/nut/loyalty-app/backend/src/services/authService.ts": {"lines":{"total":441,"covered":82,"skipped":0,"pct":18.59},"functions":{"total":10,"covered":1,"skipped":0,"pct":10},"statements":{"total":441,"covered":82,"skipped":0,"pct":18.59},"branches":{"total":7,"covered":1,"skipped":0,"pct":14.28}}
,"/Users/nut/loyalty-app/backend/src/services/couponService.ts": {"lines":{"total":1117,"covered":1045,"skipped":0,"pct":93.55},"functions":{"total":19,"covered":19,"skipped":0,"pct":100},"statements":{"total":1117,"covered":1045,"skipped":0,"pct":93.55},"branches":{"total":117,"covered":88,"skipped":0,"pct":75.21}}
,"/Users/nut/loyalty-app/backend/src/services/loyaltyService.ts": {"lines":{"total":909,"covered":485,"skipped":0,"pct":53.35},"functions":{"total":19,"covered":8,"skipped":0,"pct":42.1},"statements":{"total":909,"covered":485,"skipped":0,"pct":53.35},"branches":{"total":39,"covered":32,"skipped":0,"pct":82.05}}
,"/Users/nut/loyalty-app/backend/src/services/membershipIdService.ts": {"lines":{"total":344,"covered":323,"skipped":0,"pct":93.89},"functions":{"total":11,"covered":11,"skipped":0,"pct":100},"statements":{"total":344,"covered":323,"skipped":0,"pct":93.89},"branches":{"total":64,"covered":54,"skipped":0,"pct":84.37}}
,"/Users/nut/loyalty-app/backend/src/services/notificationService.ts": {"lines":{"total":412,"covered":379,"skipped":0,"pct":91.99},"functions":{"total":14,"covered":13,"skipped":0,"pct":92.85},"statements":{"total":412,"covered":379,"skipped":0,"pct":91.99},"branches":{"total":46,"covered":39,"skipped":0,"pct":84.78}}
,"/Users/nut/loyalty-app/backend/src/services/oauthCleanupService.ts": {"lines":{"total":82,"covered":82,"skipped":0,"pct":100},"functions":{"total":5,"covered":5,"skipped":0,"pct":100},"statements":{"total":82,"covered":82,"skipped":0,"pct":100},"branches":{"total":20,"covered":20,"skipped":0,"pct":100}}
,"/Users/nut/loyalty-app/backend/src/services/oauthService.ts": {"lines":{"total":517,"covered":354,"skipped":0,"pct":68.47},"functions":{"total":5,"covered":5,"skipped":0,"pct":100},"statements":{"total":517,"covered":354,"skipped":0,"pct":68.47},"branches":{"total":65,"covered":33,"skipped":0,"pct":50.76}}
,"/Users/nut/loyalty-app/backend/src/services/oauthStateService.ts": {"lines":{"total":241,"covered":241,"skipped":0,"pct":100},"functions":{"total":6,"covered":6,"skipped":0,"pct":100},"statements":{"total":241,"covered":241,"skipped":0,"pct":100},"branches":{"total":41,"covered":41,"skipped":0,"pct":100}}
,"/Users/nut/loyalty-app/backend/src/services/prismaUserService.ts": {"lines":{"total":242,"covered":242,"skipped":0,"pct":100},"functions":{"total":7,"covered":7,"skipped":0,"pct":100},"statements":{"total":242,"covered":242,"skipped":0,"pct":100},"branches":{"total":29,"covered":28,"skipped":0,"pct":96.55}}
,"/Users/nut/loyalty-app/backend/src/services/storageService.ts": {"lines":{"total":71,"covered":61,"skipped":0,"pct":85.91},"functions":{"total":4,"covered":4,"skipped":0,"pct":100},"statements":{"total":71,"covered":61,"skipped":0,"pct":85.91},"branches":{"total":6,"covered":6,"skipped":0,"pct":100}}
,"/Users/nut/loyalty-app/backend/src/services/surveyService.ts": {"lines":{"total":1417,"covered":1377,"skipped":0,"pct":97.17},"functions":{"total":29,"covered":29,"skipped":0,"pct":100},"statements":{"total":1417,"covered":1377,"skipped":0,"pct":97.17},"branches":{"total":194,"covered":173,"skipped":0,"pct":89.17}}
,"/Users/nut/loyalty-app/backend/src/services/translationService.ts": {"lines":{"total":729,"covered":507,"skipped":0,"pct":69.54},"functions":{"total":19,"covered":15,"skipped":0,"pct":78.94},"statements":{"total":729,"covered":507,"skipped":0,"pct":69.54},"branches":{"total":70,"covered":45,"skipped":0,"pct":64.28}}
,"/Users/nut/loyalty-app/backend/src/services/userService.ts": {"lines":{"total":746,"covered":703,"skipped":0,"pct":94.23},"functions":{"total":17,"covered":17,"skipped":0,"pct":100},"statements":{"total":746,"covered":703,"skipped":0,"pct":94.23},"branches":{"total":98,"covered":86,"skipped":0,"pct":87.75}}
,"/Users/nut/loyalty-app/backend/src/trpc/context.ts": {"lines":{"total":30,"covered":0,"skipped":0,"pct":0},"functions":{"total":1,"covered":0,"skipped":0,"pct":0},"statements":{"total":30,"covered":0,"skipped":0,"pct":0},"branches":{"total":1,"covered":0,"skipped":0,"pct":0}}
,"/Users/nut/loyalty-app/backend/src/trpc/trpc.ts": {"lines":{"total":45,"covered":0,"skipped":0,"pct":0},"functions":{"total":1,"covered":0,"skipped":0,"pct":0},"statements":{"total":45,"covered":0,"skipped":0,"pct":0},"branches":{"total":1,"covered":0,"skipped":0,"pct":0}}
,"/Users/nut/loyalty-app/backend/src/trpc/routers/_app.ts": {"lines":{"total":22,"covered":0,"skipped":0,"pct":0},"functions":{"total":1,"covered":0,"skipped":0,"pct":0},"statements":{"total":22,"covered":0,"skipped":0,"pct":0},"branches":{"total":1,"covered":0,"skipped":0,"pct":0}}
,"/Users/nut/loyalty-app/backend/src/trpc/routers/loyalty.ts": {"lines":{"total":125,"covered":0,"skipped":0,"pct":0},"functions":{"total":1,"covered":0,"skipped":0,"pct":0},"statements":{"total":125,"covered":0,"skipped":0,"pct":0},"branches":{"total":1,"covered":0,"skipped":0,"pct":0}}
,"/Users/nut/loyalty-app/backend/src/utils/dateFormatter.ts": {"lines":{"total":94,"covered":36,"skipped":0,"pct":38.29},"functions":{"total":4,"covered":1,"skipped":0,"pct":25},"statements":{"total":94,"covered":36,"skipped":0,"pct":38.29},"branches":{"total":5,"covered":1,"skipped":0,"pct":20}}
,"/Users/nut/loyalty-app/backend/src/utils/emojiUtils.ts": {"lines":{"total":105,"covered":84,"skipped":0,"pct":80},"functions":{"total":5,"covered":3,"skipped":0,"pct":60},"statements":{"total":105,"covered":84,"skipped":0,"pct":80},"branches":{"total":5,"covered":3,"skipped":0,"pct":60}}
,"/Users/nut/loyalty-app/backend/src/utils/imageProcessor.ts": {"lines":{"total":224,"covered":36,"skipped":0,"pct":16.07},"functions":{"total":8,"covered":1,"skipped":0,"pct":12.5},"statements":{"total":224,"covered":36,"skipped":0,"pct":16.07},"branches":{"total":1,"covered":1,"skipped":0,"pct":100}}
,"/Users/nut/loyalty-app/backend/src/utils/logSanitizer.ts": {"lines":{"total":190,"covered":162,"skipped":0,"pct":85.26},"functions":{"total":5,"covered":2,"skipped":0,"pct":40},"statements":{"total":190,"covered":162,"skipped":0,"pct":85.26},"branches":{"total":8,"covered":4,"skipped":0,"pct":50}}
,"/Users/nut/loyalty-app/backend/src/utils/logger.ts": {"lines":{"total":93,"covered":81,"skipped":0,"pct":87.09},"functions":{"total":0,"covered":0,"skipped":0,"pct":100},"statements":{"total":93,"covered":81,"skipped":0,"pct":87.09},"branches":{"total":6,"covered":2,"skipped":0,"pct":33.33}}
,"/Users/nut/loyalty-app/backend/src/utils/seedDatabase.ts": {"lines":{"total":328,"covered":0,"skipped":0,"pct":0},"functions":{"total":1,"covered":0,"skipped":0,"pct":0},"statements":{"total":328,"covered":0,"skipped":0,"pct":0},"branches":{"total":1,"covered":0,"skipped":0,"pct":0}}
}
